<?xml version="1.0" encoding="UTF-8"?>
<!-- Generated by org.testng.reporters.JUnitReportReporter -->
<testsuite hostname="PSL195" failures="0" tests="1" name="com.test.runners.RunCucumberTest" time="3.322" errors="0" timestamp="2024-10-07T15:01:22 IST" skipped="0">
  <testcase classname="com.test.runners.RunCucumberTest" name="runScenario" time="3.322"/>
  <system-out/>
</testsuite> <!-- com.test.runners.RunCucumberTest -->
