<?xml version="1.0" encoding="UTF-8"?>
<!-- Generated by org.testng.reporters.JUnitReportReporter -->
<testsuite hostname="PSL195" failures="0" tests="1" name="com.test.automationscripts.TS_Common" time="6.641" errors="0" timestamp="2024-10-07T13:30:01 IST" skipped="0">
  <testcase classname="com.test.automationscripts.TS_Common" name="tc_001" time="6.641"/>
  <system-out>
    <![CDATA[&emsp; <div class="test-title"> <strong><font size = "3" color = "#000080">--- Test Execution Starts ---</font> </strong> </div>&emsp;&emsp;
&emsp; <div class="test-title"> <strong><font size = "3" color = "#000080">tc_001 | Browser: chrome 129.0.6668.90 | OS: Windows 11 | Java: 21.0.1</font></strong></div>&emsp; <div><strong>Steps:</strong><br></div>&emsp;
&emsp;<div class="test-message">Start of tc_001</div>
&emsp;<div class="test-message">Start of bc_Login</div>
&emsp;<div class="test-message">End of bc_Login</div>
&emsp;<div class="test-message">End of tc_001_sssss</div>
&emsp; <div class="test-title"> <strong><font size = "3" color = "#0000FF">--- Test Execution Ends ---</font> </strong> </div>&emsp;]]>
  </system-out>
</testsuite> <!-- com.test.automationscripts.TS_Common -->
